2021-09-10 15:57  44.2   8.8   3.0
2021-09-10 15:58  51.3   6.1   0.5
2021-09-10 15:58  41.5  16.6   2.8
2021-09-10 15:59  42.7  13.9   3.0
2021-09-10 15:59  37.3  13.0   3.1
2021-09-10 16:00  56.9   9.3   5.1
2021-09-10 16:00 TEST FAILED
2021-09-10 16:00 TEST FAILED
2021-09-10 16:00  50.1  11.5   4.8
2021-09-10 16:01  46.6   8.6   4.4
2021-09-10 16:01  67.0  10.8   5.6
2021-09-10 16:02  39.6  13.1   5.3
2021-09-10 16:02  37.9  15.6   4.9
2021-09-10 16:02  44.3  10.8   4.8
2021-09-10 16:03  40.3  11.5   4.9
2021-09-10 16:03  41.1  11.3   2.9
2021-09-10 16:04  39.8  16.9   5.1
2021-09-10 16:04  35.0  17.0   4.0
2021-09-10 16:05  38.5  15.9   3.9
2021-09-10 16:05  62.1  14.6   3.9
2021-09-10 16:06  51.3  13.8   2.7
2021-09-10 16:06  42.8   7.7   3.0
2021-09-10 16:07  46.6   8.5   1.4
2021-09-10 16:07 TEST FAILED
2021-09-10 16:07 TEST FAILED
2021-09-10 16:07 TEST FAILED
2021-09-10 16:08 TEST FAILED
2021-09-10 16:08  53.6   5.5   2.7
2021-09-10 16:09  52.3  16.1   2.8
2021-09-10 16:09  81.7  13.0   2.8
2021-09-10 16:10  69.9   7.5   0.1
2021-09-10 16:10 TEST FAILED
2021-09-10 16:10 TEST FAILED
2021-09-10 16:10  45.5   7.2   2.9
2021-09-10 16:11 105.8   9.2   2.7
2021-09-10 16:11  45.9  11.3   4.7
2021-09-10 16:13  93.8  10.6   1.8
2021-09-10 16:13  85.6  12.2   1.2
2021-09-10 16:14  56.2  11.8   1.1
2021-09-10 16:14  65.3   7.4   2.1
2021-09-10 16:15  43.4   8.0   2.0
2021-09-10 16:15  52.2   8.7   2.2
2021-09-10 16:15 114.1   9.6   2.5
2021-09-10 16:16  52.0  11.3   2.3
2021-09-10 16:16 TEST FAILED
2021-09-10 16:17  44.9   1.7   0.1
2021-09-10 16:17 TEST FAILED
2021-09-10 16:17 TEST FAILED
2021-09-10 16:18 TEST FAILED
2021-09-10 16:18  44.0   7.5   1.2
2021-09-10 16:19  64.0   6.5   1.3
2021-09-10 16:19  60.0   7.7   2.1
2021-09-10 16:20  65.4   9.4   1.2
2021-09-10 16:20  79.6   7.3   1.3
2021-09-10 16:21  59.9  10.7   1.3
2021-09-10 16:21  85.9   6.0   1.4
2021-09-10 16:22  64.3   9.2   1.1
2021-09-10 16:22  61.4   9.3   1.4
2021-09-10 16:23  65.8   7.1   1.1
2021-09-10 16:23  53.8   9.5   1.5
2021-09-10 16:24  52.3   8.3   1.6
2021-09-10 16:24  56.3  10.5   1.6
2021-09-10 16:25  58.7   7.5   1.2
2021-09-10 16:25  77.7  12.1   0.8
2021-09-10 16:26  79.1   7.7   1.0
2021-09-10 16:26  66.1   5.8   1.4
2021-09-10 16:27  65.5   8.9   1.4
2021-09-10 16:27  52.4  11.9   1.6
2021-09-10 16:28  58.3  10.6   1.4
2021-09-10 16:28  81.5   9.9   1.4
2021-09-10 16:29  72.6  11.0   1.3
2021-09-10 16:29  58.7   7.4   1.7
2021-09-10 16:30  52.2  14.4   1.6
2021-09-10 16:30  62.7  12.0   1.5
2021-09-10 16:31  59.9   9.6   1.6
2021-09-10 16:31  67.8   9.4   1.5
2021-09-10 16:32  71.3   9.8   1.6
2021-09-10 16:32  60.1  10.7   1.6
2021-09-10 16:33  70.6   9.5   1.9
2021-09-10 16:33  62.9  10.8   1.6
2021-09-10 16:34  65.0   9.2   1.5
2021-09-10 16:34  61.5  11.0   1.5
2021-09-10 16:35  53.4   8.8   1.4
2021-09-10 16:35  59.8  10.6   1.4
2021-09-10 16:36  42.3  10.2   1.4
2021-09-10 16:36  52.9  12.7   1.4
2021-09-10 16:37  66.9   9.7   1.6
2021-09-10 16:37  59.3   5.4   1.4
2021-09-10 16:38  62.7   9.8   1.6
2021-09-10 16:38  55.7   7.2   1.5
2021-09-10 16:39  58.4  10.9   1.5
2021-09-10 16:39  61.7   9.5   1.3
2021-09-10 16:40  59.1   6.5   1.3
2021-09-10 16:40  53.2   8.5   1.7
2021-09-10 16:41  47.2   8.8   1.6
2021-09-10 16:41  61.6   8.7   1.8
2021-09-10 16:42  67.6   6.3   1.7
2021-09-10 16:42  56.7   8.1   1.7
2021-09-10 16:42  58.0   9.3   1.7
2021-09-10 16:43  67.5  10.6   1.5
2021-09-10 16:43  59.9   8.5   1.9
2021-09-10 16:44  57.2  10.9   2.0
2021-09-10 16:45  55.2   4.6   1.9
2021-09-10 16:45  59.1   6.7   1.9
2021-09-10 16:45  59.0   3.1   1.9
2021-09-10 16:46  54.9   3.9   1.7
2021-09-10 16:46  61.1   4.0   1.0
2021-09-10 16:47  54.6   6.1   2.9
2021-09-10 16:47  52.8   3.6   1.7
2021-09-10 16:48  66.2   4.6   5.2
2021-09-10 16:48  65.3   8.5   4.3
2021-09-10 16:49  41.8   5.5   2.5
2021-09-10 16:49 TEST FAILED
2021-09-10 16:50 TEST FAILED
2021-09-10 16:50 TEST FAILED
2021-09-10 16:51  55.3  11.4   3.8
2021-09-10 16:51  50.6  10.2   2.7
2021-09-10 16:52  52.7   7.1   1.0
2021-09-10 16:52  53.9   8.0   2.9
2021-09-10 16:52  60.1  11.4   2.4
2021-09-10 16:53  65.8  11.2   1.9
2021-09-10 16:53  57.7   8.7   2.2
2021-09-10 16:54  57.9   3.3   0.1
2021-09-10 16:54 TEST FAILED
2021-09-10 16:54 TEST FAILED
2021-09-10 16:55  39.5  12.0   2.4
2021-09-10 16:55  62.3   6.2   2.7
2021-09-10 16:57 423.1   1.1   0.4
2021-09-10 16:58 606.6   1.1   0.4
2021-09-10 16:59  79.9   9.3   0.9
2021-09-10 16:59  53.9   6.6   1.1
2021-09-10 17:00  52.5   9.5   0.9
2021-09-10 17:00 TEST FAILED
2021-09-10 17:00  57.7  10.2   1.2
2021-09-10 17:01  64.3  10.3   0.9
2021-09-10 17:01  53.2   6.3   1.1
2021-09-10 17:02  93.4   8.4   1.1
2021-09-10 17:02  59.6   9.7   1.1
2021-09-10 17:03  58.7  11.1   1.0
2021-09-10 17:03  63.4  11.9   1.2
2021-09-10 17:04  62.0  12.1   1.0
2021-09-10 17:04  60.3   9.2   0.6
2021-09-10 17:05  76.0  10.2   0.6
2021-09-10 17:05  60.6  11.1   0.5
2021-09-10 17:06  99.9  10.9   0.6
2021-09-10 17:06  63.9  10.3   0.6
2021-09-10 17:07  88.1   8.0   0.7
2021-09-10 17:08  70.5  11.1   0.7
2021-09-10 17:08 200.1   6.7   0.5
2021-09-10 17:09  58.5   9.4   0.6
2021-09-10 17:10  70.7  11.4   0.6
2021-09-10 17:10  75.3  12.6   0.6
2021-09-10 17:11  67.8  10.4   0.6
2021-09-10 17:11 100.1   9.3   0.4
2021-09-10 17:12 312.3   8.3   0.4
2021-09-10 17:13 358.0  10.0   0.4
2021-09-10 17:14  71.8  12.2   0.6
2021-09-10 17:15  90.0   8.3   0.7
2021-09-10 17:15  96.0  11.6   0.5
2021-09-10 17:16  98.8  11.3   0.6
2021-09-10 17:16  66.0  14.3   0.6
2021-09-10 17:17  74.2  13.7   0.6
2021-09-10 17:18  77.3  10.2   0.5
2021-09-10 17:18 142.6  10.9   0.6
2021-09-10 17:19 101.3  13.7   0.5
2021-09-10 17:19 124.5  16.4   0.6
2021-09-10 17:20  72.1  10.6   0.8
2021-09-10 17:21  73.2  12.5   0.5
2021-09-10 17:21 104.1  14.0   0.4
2021-09-10 17:22  70.0  14.6   0.7
2021-09-10 17:22  65.9  14.8   0.5
2021-09-10 17:23  60.6  13.8   0.5
2021-09-10 17:24  62.7  16.1   0.7
2021-09-10 17:24  67.1  13.6   0.5
2021-09-10 17:25  56.9  12.5   0.5
2021-09-10 17:25  63.6  14.5   0.5
2021-09-10 17:26  83.8  12.8   0.6
2021-09-10 17:27  59.2  13.7   0.5
2021-09-10 17:27  75.9  11.2   0.5
2021-09-10 17:28  73.5  11.7   0.6
2021-09-10 17:28  66.7  10.9   0.5
2021-09-10 17:29  70.5  11.5   0.5
2021-09-10 17:29  52.8   6.7   0.6
2021-09-10 17:30  64.3   8.6   0.4
2021-09-10 17:31  73.2   9.5   0.5
2021-09-10 17:31  61.5  13.1   0.5
2021-09-10 17:32  70.5  10.1   0.7
2021-09-10 17:32  72.8  12.1   0.9
2021-09-10 17:33  71.8  11.8   0.5
2021-09-10 17:33  79.4  13.9   0.7
2021-09-10 17:34  73.4  13.8   0.8
2021-09-10 17:34  66.4  13.0   0.7
2021-09-10 17:35  72.3  12.4   0.8
2021-09-10 17:35  56.1   9.6   0.8
2021-09-10 17:36  72.0  12.5   0.8
2021-09-10 17:36  73.3  12.8   0.6
2021-09-10 17:37  56.9  14.8   0.8
2021-09-10 17:37  60.3   8.3   0.7
2021-09-10 17:38  59.9   9.9   0.9
2021-09-10 17:39  73.1  10.6   1.0
